<?xml version="1.0" encoding="UTF-8"?>
<!-- Generated by org.testng.reporters.JUnitReportReporter -->
<testsuite hostname="LAPTOP-0G7MNIN6" failures="0" tests="3" name="tests.CreateUser" time="17.904" errors="0" timestamp="2022-07-24T20:20:35 IST" skipped="0">
  <testcase classname="tests.CreateUser" name="CreateUserWithInvalidEmail" time="4.944"/>
  <system-out/>
  <testcase classname="tests.CreateUser" name="CreateUserWithSameEmail" time="6.898"/>
  <system-out/>
  <testcase classname="tests.CreateUser" name="CreateUserTest" time="6.062"/>
  <system-out/>
</testsuite> <!-- tests.CreateUser -->
