<?xml version="1.0" encoding="UTF-8"?>
<!-- Generated by org.testng.reporters.JUnitReportReporter -->
<testsuite hostname="LAPTOP-0G7MNIN6" failures="0" tests="1" name="tests.CreatePost" time="8.963" errors="0" timestamp="2022-07-24T20:20:35 IST" skipped="0">
  <testcase classname="tests.CreatePost" name="CreatePostTest" time="8.963"/>
  <system-out/>
</testsuite> <!-- tests.CreatePost -->
