<?xml version="1.0" encoding="UTF-8"?>
<!-- Generated by org.testng.reporters.JUnitReportReporter -->
<testsuite hostname="LAPTOP-0G7MNIN6" failures="0" tests="1" name="tests.CreateTodo" time="8.970" errors="0" timestamp="2022-07-24T20:20:35 IST" skipped="0">
  <testcase classname="tests.CreateTodo" name="CreateTodoTest" time="8.970"/>
  <system-out/>
</testsuite> <!-- tests.CreateTodo -->
